Unity Editor version:    2022.3.4f1 (35713cd46cd7)
Branch:                  2022.3/staging
Build type:              Release
Batch mode:              YES
macOS version:           Version 13.4.1 (Build 22F82)
Darwin version:          22.5.0
Architecture:            x86_64
Running under Rosetta:   NO
Available memory:        16384 MB
Using pre-set license
Pro License: YES

COMMAND LINE ARGUMENTS:
/Applications/Unity/Hub/Editor/2022.3.4f1/Unity.app/Contents/MacOS/Unity
-adb2
-batchMode
-noUpm
-name
AssetImportWorker2
-projectPath
/Users/tj/Documents/GitHub/Boss-CPC-Summer-Project/TJ Updated Version (with Projectile)
-logFile
Logs/AssetImportWorker2.log
-srvPort
52726
Successfully changed project path to: /Users/tj/Documents/GitHub/Boss-CPC-Summer-Project/TJ Updated Version (with Projectile)
/Users/tj/Documents/GitHub/Boss-CPC-Summer-Project/TJ Updated Version (with Projectile)
[UnityMemory] Configuration Parameters - Can be set up in boot.config
    "memorysetup-bucket-allocator-granularity=16"
    "memorysetup-bucket-allocator-bucket-count=8"
    "memorysetup-bucket-allocator-block-size=33554432"
    "memorysetup-bucket-allocator-block-count=8"
    "memorysetup-main-allocator-block-size=16777216"
    "memorysetup-thread-allocator-block-size=16777216"
    "memorysetup-gfx-main-allocator-block-size=16777216"
    "memorysetup-gfx-thread-allocator-block-size=16777216"
    "memorysetup-cache-allocator-block-size=4194304"
    "memorysetup-typetree-allocator-block-size=2097152"
    "memorysetup-profiler-bucket-allocator-granularity=16"
    "memorysetup-profiler-bucket-allocator-bucket-count=8"
    "memorysetup-profiler-bucket-allocator-block-size=33554432"
    "memorysetup-profiler-bucket-allocator-block-count=8"
    "memorysetup-profiler-allocator-block-size=16777216"
    "memorysetup-profiler-editor-allocator-block-size=1048576"
    "memorysetup-temp-allocator-size-main=16777216"
    "memorysetup-job-temp-allocator-block-size=2097152"
    "memorysetup-job-temp-allocator-block-size-background=1048576"
    "memorysetup-job-temp-allocator-reduction-small-platforms=262144"
    "memorysetup-allocator-temp-initial-block-size-main=262144"
    "memorysetup-allocator-temp-initial-block-size-worker=262144"
    "memorysetup-temp-allocator-size-background-worker=32768"
    "memorysetup-temp-allocator-size-job-worker=262144"
    "memorysetup-temp-allocator-size-preload-manager=33554432"
    "memorysetup-temp-allocator-size-nav-mesh-worker=65536"
    "memorysetup-temp-allocator-size-audio-worker=65536"
    "memorysetup-temp-allocator-size-cloud-worker=32768"
    "memorysetup-temp-allocator-size-gi-baking-worker=262144"
    "memorysetup-temp-allocator-size-gfx=262144"
Player connection [140704443262528] Host "[IP] 10.0.0.135 [Port] 0 [Flags] 2 [Guid] 1226185681 [EditorId] 1226185681 [Version] 1048832 [Id] OSXEditor(0,TJs-MacBook-Pro.local) [Debug] 1 [PackageName] OSXEditor [ProjectName] Editor" joined multi-casting on [225.0.0.222:54997]...

Player connection [140704443262528] Host "[IP] 10.0.0.135 [Port] 0 [Flags] 2 [Guid] 1226185681 [EditorId] 1226185681 [Version] 1048832 [Id] OSXEditor(0,TJs-MacBook-Pro.local) [Debug] 1 [PackageName] OSXEditor [ProjectName] Editor" joined alternative multi-casting on [225.0.0.222:34997]...

Refreshing native plugins compatible for Editor in 30.24 ms, found 3 plugins.
Preloading 0 native plugins for Editor in 0.00 ms.
Initialize engine version: 2022.3.4f1 (35713cd46cd7)
[Subsystems] Discovering subsystems at path /Applications/Unity/Hub/Editor/2022.3.4f1/Unity.app/Contents/Resources/UnitySubsystems
[Subsystems] Discovering subsystems at path /Users/tj/Documents/GitHub/Boss-CPC-Summer-Project/TJ Updated Version (with Projectile)/Assets
GfxDevice: creating device client; threaded=0; jobified=0
Color LCD preferred device: AMD Radeon Pro 5300M (high power)
Metal devices available: 2
0: AMD Radeon Pro 5300M (high power)
1: Intel(R) UHD Graphics 630 (low power)
Using device AMD Radeon Pro 5300M (high power)
Initializing Metal device caps: AMD Radeon Pro 5300M
Initialize mono
Mono path[0] = '/Applications/Unity/Hub/Editor/2022.3.4f1/Unity.app/Contents/Managed'
Mono path[1] = '/Applications/Unity/Hub/Editor/2022.3.4f1/Unity.app/Contents/MonoBleedingEdge/lib/mono/unityjit-macos'
Mono config path = '/Applications/Unity/Hub/Editor/2022.3.4f1/Unity.app/Contents/MonoBleedingEdge/etc'
Using monoOptions --debugger-agent=transport=dt_socket,embedding=1,server=y,suspend=n,address=127.0.0.1:56788
Begin MonoManager ReloadAssembly
Registering precompiled unity dll's ...
Register platform support module: /Applications/Unity/Hub/Editor/2022.3.4f1/Unity.app/Contents/PlaybackEngines/MacStandaloneSupport/UnityEditor.OSXStandalone.Extensions.dll
Register platform support module: /Applications/Unity/Hub/Editor/2022.3.4f1/PlaybackEngines/AndroidPlayer/UnityEditor.Android.Extensions.dll
Register platform support module: /Applications/Unity/Hub/Editor/2022.3.4f1/PlaybackEngines/iOSSupport/UnityEditor.iOS.Extensions.dll
Registered in 0.008815 seconds.
- Loaded All Assemblies, in  0.618 seconds
[usbmuxd] Start listen thread
[usbmuxd] Listen thread started
[usbmuxd] Send listen message
Native extension for iOS target not found
Native extension for Android target not found
Android Extension - Scanning For ADB Devices 146 ms
Native extension for OSXStandalone target not found
Mono: successfully reloaded assembly
- Finished resetting the current domain, in  0.873 seconds
Domain Reload Profiling: 1491ms
	BeginReloadAssembly (178ms)
		ExecutionOrderSort (0ms)
		DisableScriptedObjects (0ms)
		BackupInstance (0ms)
		ReleaseScriptingObjects (0ms)
		CreateAndSetChildDomain (1ms)
	RebuildCommonClasses (74ms)
	RebuildNativeTypeToScriptingClass (25ms)
	initialDomainReloadingComplete (86ms)
	LoadAllAssembliesAndSetupDomain (254ms)
		LoadAssemblies (178ms)
		RebuildTransferFunctionScriptingTraits (0ms)
		AnalyzeDomain (248ms)
			TypeCache.Refresh (247ms)
				TypeCache.ScanAssembly (226ms)
			ScanForSourceGeneratedMonoScriptInfo (0ms)
			ResolveRequiredComponents (1ms)
	FinalizeReload (874ms)
		ReleaseScriptCaches (0ms)
		RebuildScriptCaches (0ms)
		SetupLoadedEditorAssemblies (751ms)
			LogAssemblyErrors (0ms)
			InitializePlatformSupportModulesInManaged (519ms)
			SetLoadedEditorAssemblies (7ms)
			RefreshPlugins (0ms)
			BeforeProcessingInitializeOnLoad (5ms)
			ProcessInitializeOnLoadAttributes (147ms)
			ProcessInitializeOnLoadMethodAttributes (74ms)
			AfterProcessingInitializeOnLoad (0ms)
			EditorAssembliesLoaded (0ms)
		ExecutionOrderSort2 (0ms)
		AwakeInstancesAfterBackupRestoration (0ms)
========================================================================
Worker process is ready to serve import requests
Begin MonoManager ReloadAssembly
Symbol file LoadedFromMemory doesn't match image /Users/tj/Documents/GitHub/Boss-CPC-Summer-Project/TJ Updated Version (with Projectile)/Library/PackageCache/com.unity.visualscripting@1.8.0/Editor/VisualScripting.Core/Dependencies/YamlDotNet/Unity.VisualScripting.YamlDotNet.dll
Symbol file LoadedFromMemory doesn't match image /Users/tj/Documents/GitHub/Boss-CPC-Summer-Project/TJ Updated Version (with Projectile)/Library/PackageCache/com.unity.visualscripting@1.8.0/Editor/VisualScripting.Core/Dependencies/DotNetZip/Unity.VisualScripting.IonicZip.dll
- Loaded All Assemblies, in  1.551 seconds
Refreshing native plugins compatible for Editor in 3.36 ms, found 3 plugins.
Native extension for iOS target not found
Native extension for Android target not found
Native extension for OSXStandalone target not found
Mono: successfully reloaded assembly
- Finished resetting the current domain, in  0.955 seconds
Domain Reload Profiling: 2505ms
	BeginReloadAssembly (252ms)
		ExecutionOrderSort (0ms)
		DisableScriptedObjects (13ms)
		BackupInstance (0ms)
		ReleaseScriptingObjects (0ms)
		CreateAndSetChildDomain (63ms)
	RebuildCommonClasses (71ms)
	RebuildNativeTypeToScriptingClass (23ms)
	initialDomainReloadingComplete (69ms)
	LoadAllAssembliesAndSetupDomain (1136ms)
		LoadAssemblies (605ms)
		RebuildTransferFunctionScriptingTraits (0ms)
		AnalyzeDomain (636ms)
			TypeCache.Refresh (588ms)
				TypeCache.ScanAssembly (557ms)
			ScanForSourceGeneratedMonoScriptInfo (38ms)
			ResolveRequiredComponents (10ms)
	FinalizeReload (955ms)
		ReleaseScriptCaches (0ms)
		RebuildScriptCaches (0ms)
		SetupLoadedEditorAssemblies (603ms)
			LogAssemblyErrors (0ms)
			InitializePlatformSupportModulesInManaged (62ms)
			SetLoadedEditorAssemblies (7ms)
			RefreshPlugins (0ms)
			BeforeProcessingInitializeOnLoad (92ms)
			ProcessInitializeOnLoadAttributes (378ms)
			ProcessInitializeOnLoadMethodAttributes (61ms)
			AfterProcessingInitializeOnLoad (2ms)
			EditorAssembliesLoaded (0ms)
		ExecutionOrderSort2 (0ms)
		AwakeInstancesAfterBackupRestoration (7ms)
Launching external process: /Applications/Unity/Hub/Editor/2022.3.4f1/Unity.app/Contents/Tools/UnityShaderCompiler
Launched and connected shader compiler UnityShaderCompiler after 0.10 seconds
Refreshing native plugins compatible for Editor in 2.74 ms, found 3 plugins.
Preloading 0 native plugins for Editor in 0.00 ms.
Unloading 4105 Unused Serialized files (Serialized files now loaded: 0)
Unloading 63 unused Assets / (54.9 KB). Loaded Objects now: 4572.
Memory consumption went from 148.7 MB to 148.6 MB.
Total: 8.128714 ms (FindLiveObjects: 0.511745 ms CreateObjectMapping: 0.548357 ms MarkObjects: 6.876022 ms  DeleteObjects: 0.190138 ms)

AssetImportParameters requested are different than current active one (requested -> active):
  custom:container-demuxer-ogg: 62fdf1f143b41e24485cea50d1cbac27 -> 
  custom:video-decoder-ogg-theora: a1e56fd34408186e4bbccfd4996cb3dc -> 
  custom:container-demuxer-webm: 4f35f7cbe854078d1ac9338744f61a02 -> 
  custom:container-muxer-webm: aa71ff27fc2769a1b78a27578f13a17b -> 
  custom:video-decoder-webm-vp8: 9c59270c3fd7afecdb556c50c9e8de78 -> 
  custom:AudioImporter_EditorPlatform: 3918e3fc78b5a79bad01e8451be0beb8 -> 
  custom:framework-osx-AVFoundation: e770b220cccbd017edd2c1fefb359320 -> 
  custom:video-encoder-webm-vp8: eb34c28f22e8b96e1ab97ce403110664 -> 
  custom:audio-decoder-ogg-vorbis: bf7c407c2cedff20999df2af8eb42d56 -> 
  custom:audio-encoder-webm-vorbis: bf7c407c2cedff20999df2af8eb42d56 -> 
========================================================================
Received Import Request.
  Time since last request: 38100.641465 seconds.
  path: Assets/Sprites/CameraLaser.png
  artifactKey: Guid(19332359fa0b5404fb3b00bfc03ba523) Importer(815301076,1909f56bfc062723c751e8b465ee728b)
Start importing Assets/Sprites/CameraLaser.png using Guid(19332359fa0b5404fb3b00bfc03ba523) Importer(815301076,1909f56bfc062723c751e8b465ee728b)  -> (artifact id: '7cd0fef383edc71c23c01968feddf517') in 0.240858 seconds
Number of updated asset objects reloaded before import = 0
Number of asset objects unloaded after import = 3
========================================================================
Received Import Request.
  Time since last request: 3.124019 seconds.
  path: Assets/Prefabs/Enemy.prefab
  artifactKey: Guid(227a8b720d5b22040b39459eabd25bec) Importer(815301076,1909f56bfc062723c751e8b465ee728b)
Start importing Assets/Prefabs/Enemy.prefab using Guid(227a8b720d5b22040b39459eabd25bec) Importer(815301076,1909f56bfc062723c751e8b465ee728b)  -> (artifact id: '9365ab3e4c7faebf17918871d89aaa6e') in 0.099949 seconds
Number of updated asset objects reloaded before import = 0
Number of asset objects unloaded after import = 16
========================================================================
Received Prepare
Refreshing native plugins compatible for Editor in 3.39 ms, found 3 plugins.
Preloading 0 native plugins for Editor in 0.00 ms.
Unloading 0 Unused Serialized files (Serialized files now loaded: 0)
Unloading 1 unused Assets / (0.8 KB). Loaded Objects now: 4584.
Memory consumption went from 82.6 MB to 82.6 MB.
Total: 5.588703 ms (FindLiveObjects: 0.556956 ms CreateObjectMapping: 0.503835 ms MarkObjects: 4.501558 ms  DeleteObjects: 0.025202 ms)

Prepare: number of updated asset objects reloaded= 0
AssetImportParameters requested are different than current active one (requested -> active):
  custom:container-demuxer-ogg: 62fdf1f143b41e24485cea50d1cbac27 -> 
  custom:video-decoder-ogg-theora: a1e56fd34408186e4bbccfd4996cb3dc -> 
  custom:CustomObjectIndexerAttribute: 756ad292c208cfabdd7b50bc23989ffe -> 
  custom:container-demuxer-webm: 4f35f7cbe854078d1ac9338744f61a02 -> 
  custom:container-muxer-webm: aa71ff27fc2769a1b78a27578f13a17b -> 
  custom:video-decoder-webm-vp8: 9c59270c3fd7afecdb556c50c9e8de78 -> 
  custom:AudioImporter_EditorPlatform: 3918e3fc78b5a79bad01e8451be0beb8 -> 
  custom:framework-osx-AVFoundation: e770b220cccbd017edd2c1fefb359320 -> 
  custom:video-encoder-webm-vp8: eb34c28f22e8b96e1ab97ce403110664 -> 
  custom:audio-decoder-ogg-vorbis: bf7c407c2cedff20999df2af8eb42d56 -> 
  custom:audio-encoder-webm-vorbis: bf7c407c2cedff20999df2af8eb42d56 -> 
========================================================================
Received Import Request.
  Time since last request: 80.571481 seconds.
  path: Assets/Materials/Projectiles
  artifactKey: Guid(e66bb189f97bd4b4793b055791f027a4) Importer(815301076,1909f56bfc062723c751e8b465ee728b)
Start importing Assets/Materials/Projectiles using Guid(e66bb189f97bd4b4793b055791f027a4) Importer(815301076,1909f56bfc062723c751e8b465ee728b)  -> (artifact id: '60b7114115a8bbcc13b3f557cf37b76a') in 0.000539 seconds
Number of updated asset objects reloaded before import = 0
Number of asset objects unloaded after import = 0
========================================================================
Received Import Request.
  Time since last request: 0.004097 seconds.
  path: Assets/Resources/BillingMode.json
  artifactKey: Guid(47ee60abed1514dababc02a35d8293ea) Importer(815301076,1909f56bfc062723c751e8b465ee728b)
Start importing Assets/Resources/BillingMode.json using Guid(47ee60abed1514dababc02a35d8293ea) Importer(815301076,1909f56bfc062723c751e8b465ee728b)  -> (artifact id: 'bd2d65a4ecc05c12fa2cf294cf8ed312') in 0.001539 seconds
Number of updated asset objects reloaded before import = 0
Number of asset objects unloaded after import = 1
========================================================================
Received Import Request.
  Time since last request: 0.001320 seconds.
  path: Assets/Materials
  artifactKey: Guid(36f235d59bc98814bbd8d6bc8385d86e) Importer(815301076,1909f56bfc062723c751e8b465ee728b)
Start importing Assets/Materials using Guid(36f235d59bc98814bbd8d6bc8385d86e) Importer(815301076,1909f56bfc062723c751e8b465ee728b)  -> (artifact id: '39e9673cb9d79c49b70fbb14cfb05955') in 0.000359 seconds
Number of updated asset objects reloaded before import = 0
Number of asset objects unloaded after import = 0
========================================================================
Received Import Request.
  Time since last request: 0.007649 seconds.
  path: Assets/Materials/Projectiles/Laser Material.mat
  artifactKey: Guid(2dfb97cd3513c4e4c81b6edb357fd584) Importer(815301076,1909f56bfc062723c751e8b465ee728b)
Start importing Assets/Materials/Projectiles/Laser Material.mat using Guid(2dfb97cd3513c4e4c81b6edb357fd584) Importer(815301076,1909f56bfc062723c751e8b465ee728b)  -> (artifact id: '33487abcbae139328ce0973127f5b46f') in 0.474430 seconds
Number of updated asset objects reloaded before import = 0
Number of asset objects unloaded after import = 1
========================================================================
Received Import Request.
  Time since last request: 0.000068 seconds.
  path: Assets/Resources
  artifactKey: Guid(24ca7e6cfbcc34ef1b6da4e63053cf17) Importer(815301076,1909f56bfc062723c751e8b465ee728b)
Start importing Assets/Resources using Guid(24ca7e6cfbcc34ef1b6da4e63053cf17) Importer(815301076,1909f56bfc062723c751e8b465ee728b)  -> (artifact id: '1b0d0ea4e140c527796b9b8ad6fdcb89') in 0.000359 seconds
Number of updated asset objects reloaded before import = 0
Number of asset objects unloaded after import = 0
========================================================================
Received Import Request.
  Time since last request: 0.011520 seconds.
  path: Assets/Materials/Physics/Player.physicsMaterial2D
  artifactKey: Guid(511b0a9b896f749798ff29c37f528268) Importer(815301076,1909f56bfc062723c751e8b465ee728b)
Start importing Assets/Materials/Physics/Player.physicsMaterial2D using Guid(511b0a9b896f749798ff29c37f528268) Importer(815301076,1909f56bfc062723c751e8b465ee728b)  -> (artifact id: '438b7d785de40267c5edf762793103fe') in 0.001662 seconds
Number of updated asset objects reloaded before import = 0
Number of asset objects unloaded after import = 1
========================================================================
Received Import Request.
  Time since last request: 0.023238 seconds.
  path: Assets/Materials/Physics
  artifactKey: Guid(26c8549dccd02bb4d8a86482bae41e3e) Importer(815301076,1909f56bfc062723c751e8b465ee728b)
Start importing Assets/Materials/Physics using Guid(26c8549dccd02bb4d8a86482bae41e3e) Importer(815301076,1909f56bfc062723c751e8b465ee728b)  -> (artifact id: 'e3b3d8b04e74187de03aec10e15951f2') in 0.000362 seconds
Number of updated asset objects reloaded before import = 0
Number of asset objects unloaded after import = 0
========================================================================
Received Import Request.
  Time since last request: 0.017801 seconds.
  path: Assets/Scripts/BulletCollision.cs
  artifactKey: Guid(fa83436dd58a34de79ca8c14f9f2e3fc) Importer(815301076,1909f56bfc062723c751e8b465ee728b)
Start importing Assets/Scripts/BulletCollision.cs using Guid(fa83436dd58a34de79ca8c14f9f2e3fc) Importer(815301076,1909f56bfc062723c751e8b465ee728b)  -> (artifact id: '3b851c09b941a9096378d4c930b69b35') in 0.000504 seconds
Number of updated asset objects reloaded before import = 0
Number of asset objects unloaded after import = 0
========================================================================
Received Import Request.
  Time since last request: 0.009593 seconds.
  path: Assets/Scripts/Camera/CameraFollow.cs
  artifactKey: Guid(336eea0e6f5f80e489afa2c4b980efa8) Importer(815301076,1909f56bfc062723c751e8b465ee728b)
Start importing Assets/Scripts/Camera/CameraFollow.cs using Guid(336eea0e6f5f80e489afa2c4b980efa8) Importer(815301076,1909f56bfc062723c751e8b465ee728b)  -> (artifact id: '593f0c3ee18fded5259ad690888ec1dd') in 0.000715 seconds
Number of updated asset objects reloaded before import = 0
Number of asset objects unloaded after import = 0
========================================================================
Received Import Request.
  Time since last request: 0.002125 seconds.
  path: Assets/Scripts/Camera
  artifactKey: Guid(3bd8805f92e4b0248a7eccf5c8470779) Importer(815301076,1909f56bfc062723c751e8b465ee728b)
Start importing Assets/Scripts/Camera using Guid(3bd8805f92e4b0248a7eccf5c8470779) Importer(815301076,1909f56bfc062723c751e8b465ee728b)  -> (artifact id: '7a7492f76d8553336c87bbdc9718595e') in 0.000460 seconds
Number of updated asset objects reloaded before import = 0
Number of asset objects unloaded after import = 0
========================================================================
Received Import Request.
  Time since last request: 0.003195 seconds.
  path: Assets/Scenes/Scene.unity
  artifactKey: Guid(4102a3b4d6b4d450a867cb7ccd4c2da6) Importer(815301076,1909f56bfc062723c751e8b465ee728b)
Start importing Assets/Scenes/Scene.unity using Guid(4102a3b4d6b4d450a867cb7ccd4c2da6) Importer(815301076,1909f56bfc062723c751e8b465ee728b)  -> (artifact id: '6cbd52fc9a0480ff1cd11cb431a29aad') in 0.000522 seconds
Number of updated asset objects reloaded before import = 0
Number of asset objects unloaded after import = 0
========================================================================
Received Import Request.
  Time since last request: 0.003100 seconds.
  path: Assets/Scripts/Power Ups
  artifactKey: Guid(d6438cf8ead6523409985ecc7f02fc84) Importer(815301076,1909f56bfc062723c751e8b465ee728b)
Start importing Assets/Scripts/Power Ups using Guid(d6438cf8ead6523409985ecc7f02fc84) Importer(815301076,1909f56bfc062723c751e8b465ee728b)  -> (artifact id: '8e5333d73df2f54cc0fa04a7f1ffd548') in 0.000426 seconds
Number of updated asset objects reloaded before import = 0
Number of asset objects unloaded after import = 0
========================================================================
Received Import Request.
  Time since last request: 0.004360 seconds.
  path: Assets/Scripts/Player/PlayerController.cs
  artifactKey: Guid(b9df4f871f6fc684f9492fbf1d524bc8) Importer(815301076,1909f56bfc062723c751e8b465ee728b)
Start importing Assets/Scripts/Player/PlayerController.cs using Guid(b9df4f871f6fc684f9492fbf1d524bc8) Importer(815301076,1909f56bfc062723c751e8b465ee728b)  -> (artifact id: '898f7d07f9fb2d3dd4c0b4c257e29441') in 0.000402 seconds
Number of updated asset objects reloaded before import = 0
Number of asset objects unloaded after import = 0
========================================================================
Received Import Request.
  Time since last request: 0.008609 seconds.
  path: Assets/Scripts/Power Ups/PowerUp.cs
  artifactKey: Guid(24d583cf0468b88438413aeb6682f895) Importer(815301076,1909f56bfc062723c751e8b465ee728b)
Start importing Assets/Scripts/Power Ups/PowerUp.cs using Guid(24d583cf0468b88438413aeb6682f895) Importer(815301076,1909f56bfc062723c751e8b465ee728b)  -> (artifact id: '24ae5ee368fd7e26ab602f9f8133b37f') in 0.000458 seconds
Number of updated asset objects reloaded before import = 0
Number of asset objects unloaded after import = 0
========================================================================
Received Import Request.
  Time since last request: 0.003770 seconds.
  path: Assets/Scripts/Hazards
  artifactKey: Guid(d598041b8b888ea40ab09390bb1eccbd) Importer(815301076,1909f56bfc062723c751e8b465ee728b)
Start importing Assets/Scripts/Hazards using Guid(d598041b8b888ea40ab09390bb1eccbd) Importer(815301076,1909f56bfc062723c751e8b465ee728b)  -> (artifact id: '80c603f29790cfc19356d94be91b5d5a') in 0.000359 seconds
Number of updated asset objects reloaded before import = 0
Number of asset objects unloaded after import = 0
========================================================================
Received Import Request.
  Time since last request: 0.004744 seconds.
  path: Assets/Materials/Physics/Squares.physicsMaterial2D
  artifactKey: Guid(60967d31cdbd3f24e9a3809adf9d490e) Importer(815301076,1909f56bfc062723c751e8b465ee728b)
Start importing Assets/Materials/Physics/Squares.physicsMaterial2D using Guid(60967d31cdbd3f24e9a3809adf9d490e) Importer(815301076,1909f56bfc062723c751e8b465ee728b)  -> (artifact id: 'efda4b8e887f15d13a97e60183a80d5f') in 0.001799 seconds
Number of updated asset objects reloaded before import = 0
Number of asset objects unloaded after import = 1
========================================================================
Received Import Request.
  Time since last request: 0.007796 seconds.
  path: Assets/Sprites
  artifactKey: Guid(3675ef3909d513a49b12c1f0488e1fd0) Importer(815301076,1909f56bfc062723c751e8b465ee728b)
Start importing Assets/Sprites using Guid(3675ef3909d513a49b12c1f0488e1fd0) Importer(815301076,1909f56bfc062723c751e8b465ee728b)  -> (artifact id: '30d176f3d4375eed4e1ffabafd435555') in 0.000387 seconds
Number of updated asset objects reloaded before import = 0
Number of asset objects unloaded after import = 0
========================================================================
Received Import Request.
  Time since last request: 0.003753 seconds.
  path: Assets/Tilemaps
  artifactKey: Guid(c1967c12cab06b148a6bc8b8a6a1092c) Importer(815301076,1909f56bfc062723c751e8b465ee728b)
Start importing Assets/Tilemaps using Guid(c1967c12cab06b148a6bc8b8a6a1092c) Importer(815301076,1909f56bfc062723c751e8b465ee728b)  -> (artifact id: '955500c5cc98e04956611e93b49b176a') in 0.000401 seconds
Number of updated asset objects reloaded before import = 0
Number of asset objects unloaded after import = 0
========================================================================
Received Import Request.
  Time since last request: 0.009343 seconds.
  path: Assets/Scripts
  artifactKey: Guid(4d217d5c3e5f8594e983eff5c7d60a42) Importer(815301076,1909f56bfc062723c751e8b465ee728b)
Start importing Assets/Scripts using Guid(4d217d5c3e5f8594e983eff5c7d60a42) Importer(815301076,1909f56bfc062723c751e8b465ee728b)  -> (artifact id: 'faa991cd5cf825b433d17e437a0f3315') in 0.000367 seconds
Number of updated asset objects reloaded before import = 0
Number of asset objects unloaded after import = 0
========================================================================
Received Import Request.
  Time since last request: 0.006389 seconds.
  path: Assets/Scripts/Camera/CameraBounds.cs
  artifactKey: Guid(856420a77849e3445970fb9842eaf0e0) Importer(815301076,1909f56bfc062723c751e8b465ee728b)
Start importing Assets/Scripts/Camera/CameraBounds.cs using Guid(856420a77849e3445970fb9842eaf0e0) Importer(815301076,1909f56bfc062723c751e8b465ee728b)  -> (artifact id: '69e090c5282a98536250e408f21e2fa0') in 0.000447 seconds
Number of updated asset objects reloaded before import = 0
Number of asset objects unloaded after import = 0
========================================================================
Received Import Request.
  Time since last request: 0.002123 seconds.
  path: Assets/Scripts/Power Ups/SpeedBoost.cs
  artifactKey: Guid(04bef33a7669ed64ba668607a3e2e416) Importer(815301076,1909f56bfc062723c751e8b465ee728b)
Start importing Assets/Scripts/Power Ups/SpeedBoost.cs using Guid(04bef33a7669ed64ba668607a3e2e416) Importer(815301076,1909f56bfc062723c751e8b465ee728b)  -> (artifact id: '22e4e411d68c73e16d41460b4a9910f7') in 0.000377 seconds
Number of updated asset objects reloaded before import = 0
Number of asset objects unloaded after import = 0
========================================================================
Received Import Request.
  Time since last request: 0.001645 seconds.
  path: Assets/Scenes
  artifactKey: Guid(131a6b21c8605f84396be9f6751fb6e3) Importer(815301076,1909f56bfc062723c751e8b465ee728b)
Start importing Assets/Scenes using Guid(131a6b21c8605f84396be9f6751fb6e3) Importer(815301076,1909f56bfc062723c751e8b465ee728b)  -> (artifact id: 'd99c5e1824b8c2005b15e18b2aeeaaf6') in 0.000374 seconds
Number of updated asset objects reloaded before import = 0
Number of asset objects unloaded after import = 0
========================================================================
Received Import Request.
  Time since last request: 0.003841 seconds.
  path: Assets/Scripts/Hazards/LaserCamera.cs
  artifactKey: Guid(5b18af515871f734ab46f28c1d9a9f6b) Importer(815301076,1909f56bfc062723c751e8b465ee728b)
Start importing Assets/Scripts/Hazards/LaserCamera.cs using Guid(5b18af515871f734ab46f28c1d9a9f6b) Importer(815301076,1909f56bfc062723c751e8b465ee728b)  -> (artifact id: '4e16bfa198382887f45c421f48a9cbd5') in 0.000475 seconds
Number of updated asset objects reloaded before import = 0
Number of asset objects unloaded after import = 0
========================================================================
Received Import Request.
  Time since last request: 0.002420 seconds.
  path: Assets/Scripts/Collidable.cs
  artifactKey: Guid(758e153fabae445b1a10c2fdb37ad551) Importer(815301076,1909f56bfc062723c751e8b465ee728b)
Start importing Assets/Scripts/Collidable.cs using Guid(758e153fabae445b1a10c2fdb37ad551) Importer(815301076,1909f56bfc062723c751e8b465ee728b)  -> (artifact id: 'e5bd1046d456254d8889bb499d5dbfdc') in 0.000676 seconds
Number of updated asset objects reloaded before import = 0
Number of asset objects unloaded after import = 0
========================================================================
Received Import Request.
  Time since last request: 0.013679 seconds.
  path: Assets/Scripts/Enemy.cs
  artifactKey: Guid(9da9171fa5ddeb849b59750f90105df3) Importer(815301076,1909f56bfc062723c751e8b465ee728b)
Start importing Assets/Scripts/Enemy.cs using Guid(9da9171fa5ddeb849b59750f90105df3) Importer(815301076,1909f56bfc062723c751e8b465ee728b)  -> (artifact id: 'b99ef2e46f75c4f88774db43a253611b') in 0.000456 seconds
Number of updated asset objects reloaded before import = 0
Number of asset objects unloaded after import = 0
========================================================================
Received Import Request.
  Time since last request: 0.002051 seconds.
  path: Assets/Materials/Physics/Mud.physicsMaterial2D
  artifactKey: Guid(db0d92cd93c6bf8418d8576f92bf9cf5) Importer(815301076,1909f56bfc062723c751e8b465ee728b)
Start importing Assets/Materials/Physics/Mud.physicsMaterial2D using Guid(db0d92cd93c6bf8418d8576f92bf9cf5) Importer(815301076,1909f56bfc062723c751e8b465ee728b)  -> (artifact id: '965b9b98506853331f6e4e8d349f98c7') in 0.001204 seconds
Number of updated asset objects reloaded before import = 0
Number of asset objects unloaded after import = 1
========================================================================
Received Import Request.
  Time since last request: 0.005315 seconds.
  path: Assets/Materials/Physics/Structures.physicsMaterial2D
  artifactKey: Guid(de09219d3030304458163d6c81d212de) Importer(815301076,1909f56bfc062723c751e8b465ee728b)
Start importing Assets/Materials/Physics/Structures.physicsMaterial2D using Guid(de09219d3030304458163d6c81d212de) Importer(815301076,1909f56bfc062723c751e8b465ee728b)  -> (artifact id: '2ed8a73372c32d1072ade024f9bf5409') in 0.001396 seconds
Number of updated asset objects reloaded before import = 0
Number of asset objects unloaded after import = 1
========================================================================
Received Import Request.
  Time since last request: 0.006991 seconds.
  path: Assets/Scripts/Projectile.cs
  artifactKey: Guid(969c7a228669d45cc8d216ac546ee90c) Importer(815301076,1909f56bfc062723c751e8b465ee728b)
Start importing Assets/Scripts/Projectile.cs using Guid(969c7a228669d45cc8d216ac546ee90c) Importer(815301076,1909f56bfc062723c751e8b465ee728b)  -> (artifact id: 'c6dcf0e1c544b153105ddaca28f54d0d') in 0.000388 seconds
Number of updated asset objects reloaded before import = 0
Number of asset objects unloaded after import = 0
